2025-03-07 14:25:22,938 DEBUG    root            Loaded Command Group: ['gcloud', 'components']
2025-03-07 14:25:22,941 DEBUG    root            Loaded Command Group: ['gcloud', 'components', 'update']
2025-03-07 14:25:22,943 DEBUG    root            Running [gcloud.components.update] with arguments: [--compile-python: "True", --quiet: "True", COMPONENT-IDS:6: "['core', 'gcloud-deps', 'bq', 'gcloud', 'gcloud-crc32c', 'gsutil']"]
2025-03-07 14:25:22,944 INFO     ___FILE_ONLY___ Beginning update. This process may take several minutes.

2025-03-07 14:25:22,977 DEBUG    urllib3.connectionpool Starting new HTTPS connection (1): dl.google.com:443
2025-03-07 14:25:22,991 DEBUG    urllib3.connectionpool https://dl.google.com:443 "GET /dl/cloudsdk/channels/rapid/components-2.json HTTP/11" 200 226132
2025-03-07 14:25:23,002 INFO     ___FILE_ONLY___ 

2025-03-07 14:25:23,002 INFO     ___FILE_ONLY___ 
Your current Google Cloud CLI version is: 513.0.0

2025-03-07 14:25:23,002 INFO     ___FILE_ONLY___ Installing components from version: 513.0.0

2025-03-07 14:25:23,002 INFO     ___FILE_ONLY___ 

2025-03-07 14:25:23,003 DEBUG    root            Chosen display Format:table[box,title="These components will be removed."](details.display_name:label=Name:align=left,version.version_string:label=Version:align=right,data.size.size(zero="",min=1048576):label=Size:align=right)
2025-03-07 14:25:23,003 DEBUG    root            Chosen display Format:table[box,title="These components will be updated."](details.display_name:label=Name:align=left,version.version_string:label=Version:align=right,data.size.size(zero="",min=1048576):label=Size:align=right)
2025-03-07 14:25:23,004 DEBUG    root            Chosen display Format:table[box,title="These components will be installed."](details.display_name:label=Name:align=left,version.version_string:label=Version:align=right,data.size.size(zero="",min=1048576):label=Size:align=right)
2025-03-07 14:25:23,039 INFO     ___FILE_ONLY___ ┌─────────────────────────────────────────────────────────────────────────────┐
2025-03-07 14:25:23,039 INFO     ___FILE_ONLY___ 

2025-03-07 14:25:23,039 INFO     ___FILE_ONLY___ │                     These components will be installed.                     │
2025-03-07 14:25:23,039 INFO     ___FILE_ONLY___ 

2025-03-07 14:25:23,039 INFO     ___FILE_ONLY___ ├─────────────────────────────────────────────────────┬────────────┬──────────┤
2025-03-07 14:25:23,039 INFO     ___FILE_ONLY___ 

2025-03-07 14:25:23,039 INFO     ___FILE_ONLY___ │                         Name                        │  Version   │   Size   │
2025-03-07 14:25:23,039 INFO     ___FILE_ONLY___ 

2025-03-07 14:25:23,039 INFO     ___FILE_ONLY___ ├─────────────────────────────────────────────────────┼────────────┼──────────┤
2025-03-07 14:25:23,039 INFO     ___FILE_ONLY___ 

2025-03-07 14:25:23,039 INFO     ___FILE_ONLY___ │ 
2025-03-07 14:25:23,039 INFO     ___FILE_ONLY___ BigQuery Command Line Tool                         
2025-03-07 14:25:23,039 INFO     ___FILE_ONLY___  
2025-03-07 14:25:23,039 INFO     ___FILE_ONLY___ │ 
2025-03-07 14:25:23,039 INFO     ___FILE_ONLY___     2.1.14
2025-03-07 14:25:23,040 INFO     ___FILE_ONLY___  
2025-03-07 14:25:23,040 INFO     ___FILE_ONLY___ │ 
2025-03-07 14:25:23,040 INFO     ___FILE_ONLY___  1.8 MiB
2025-03-07 14:25:23,040 INFO     ___FILE_ONLY___  
2025-03-07 14:25:23,040 INFO     ___FILE_ONLY___ │
2025-03-07 14:25:23,040 INFO     ___FILE_ONLY___ 

2025-03-07 14:25:23,040 INFO     ___FILE_ONLY___ │ 
2025-03-07 14:25:23,040 INFO     ___FILE_ONLY___ BigQuery Command Line Tool (Platform Specific)     
2025-03-07 14:25:23,040 INFO     ___FILE_ONLY___  
2025-03-07 14:25:23,040 INFO     ___FILE_ONLY___ │ 
2025-03-07 14:25:23,040 INFO     ___FILE_ONLY___      2.1.8
2025-03-07 14:25:23,040 INFO     ___FILE_ONLY___  
2025-03-07 14:25:23,040 INFO     ___FILE_ONLY___ │ 
2025-03-07 14:25:23,041 INFO     ___FILE_ONLY___  < 1 MiB
2025-03-07 14:25:23,041 INFO     ___FILE_ONLY___  
2025-03-07 14:25:23,041 INFO     ___FILE_ONLY___ │
2025-03-07 14:25:23,041 INFO     ___FILE_ONLY___ 

2025-03-07 14:25:23,041 INFO     ___FILE_ONLY___ │ 
2025-03-07 14:25:23,041 INFO     ___FILE_ONLY___ Bundled Python 3.12 (Platform Specific)            
2025-03-07 14:25:23,041 INFO     ___FILE_ONLY___  
2025-03-07 14:25:23,041 INFO     ___FILE_ONLY___ │ 
2025-03-07 14:25:23,041 INFO     ___FILE_ONLY___     3.12.8
2025-03-07 14:25:23,041 INFO     ___FILE_ONLY___  
2025-03-07 14:25:23,041 INFO     ___FILE_ONLY___ │ 
2025-03-07 14:25:23,041 INFO     ___FILE_ONLY___ 89.2 MiB
2025-03-07 14:25:23,041 INFO     ___FILE_ONLY___  
2025-03-07 14:25:23,041 INFO     ___FILE_ONLY___ │
2025-03-07 14:25:23,042 INFO     ___FILE_ONLY___ 

2025-03-07 14:25:23,042 INFO     ___FILE_ONLY___ │ 
2025-03-07 14:25:23,042 INFO     ___FILE_ONLY___ Cloud Storage Command Line Tool                    
2025-03-07 14:25:23,042 INFO     ___FILE_ONLY___  
2025-03-07 14:25:23,042 INFO     ___FILE_ONLY___ │ 
2025-03-07 14:25:23,042 INFO     ___FILE_ONLY___       5.33
2025-03-07 14:25:23,042 INFO     ___FILE_ONLY___  
2025-03-07 14:25:23,042 INFO     ___FILE_ONLY___ │ 
2025-03-07 14:25:23,042 INFO     ___FILE_ONLY___ 11.8 MiB
2025-03-07 14:25:23,042 INFO     ___FILE_ONLY___  
2025-03-07 14:25:23,042 INFO     ___FILE_ONLY___ │
2025-03-07 14:25:23,042 INFO     ___FILE_ONLY___ 

2025-03-07 14:25:23,042 INFO     ___FILE_ONLY___ │ 
2025-03-07 14:25:23,042 INFO     ___FILE_ONLY___ Cloud Storage Command Line Tool (Platform Specific)
2025-03-07 14:25:23,043 INFO     ___FILE_ONLY___  
2025-03-07 14:25:23,043 INFO     ___FILE_ONLY___ │ 
2025-03-07 14:25:23,043 INFO     ___FILE_ONLY___       5.30
2025-03-07 14:25:23,043 INFO     ___FILE_ONLY___  
2025-03-07 14:25:23,043 INFO     ___FILE_ONLY___ │ 
2025-03-07 14:25:23,043 INFO     ___FILE_ONLY___  < 1 MiB
2025-03-07 14:25:23,043 INFO     ___FILE_ONLY___  
2025-03-07 14:25:23,043 INFO     ___FILE_ONLY___ │
2025-03-07 14:25:23,043 INFO     ___FILE_ONLY___ 

2025-03-07 14:25:23,043 INFO     ___FILE_ONLY___ │ 
2025-03-07 14:25:23,043 INFO     ___FILE_ONLY___ Google Cloud CLI Core Libraries (Platform Specific)
2025-03-07 14:25:23,043 INFO     ___FILE_ONLY___  
2025-03-07 14:25:23,043 INFO     ___FILE_ONLY___ │ 
2025-03-07 14:25:23,043 INFO     ___FILE_ONLY___ 2024.08.30
2025-03-07 14:25:23,044 INFO     ___FILE_ONLY___  
2025-03-07 14:25:23,044 INFO     ___FILE_ONLY___ │ 
2025-03-07 14:25:23,044 INFO     ___FILE_ONLY___  < 1 MiB
2025-03-07 14:25:23,044 INFO     ___FILE_ONLY___  
2025-03-07 14:25:23,044 INFO     ___FILE_ONLY___ │
2025-03-07 14:25:23,044 INFO     ___FILE_ONLY___ 

2025-03-07 14:25:23,044 INFO     ___FILE_ONLY___ │ 
2025-03-07 14:25:23,044 INFO     ___FILE_ONLY___ Google Cloud CRC32C Hash Tool (Platform Specific)  
2025-03-07 14:25:23,044 INFO     ___FILE_ONLY___  
2025-03-07 14:25:23,044 INFO     ___FILE_ONLY___ │ 
2025-03-07 14:25:23,045 INFO     ___FILE_ONLY___      1.0.0
2025-03-07 14:25:23,045 INFO     ___FILE_ONLY___  
2025-03-07 14:25:23,045 INFO     ___FILE_ONLY___ │ 
2025-03-07 14:25:23,045 INFO     ___FILE_ONLY___  1.4 MiB
2025-03-07 14:25:23,045 INFO     ___FILE_ONLY___  
2025-03-07 14:25:23,045 INFO     ___FILE_ONLY___ │
2025-03-07 14:25:23,045 INFO     ___FILE_ONLY___ 

2025-03-07 14:25:23,045 INFO     ___FILE_ONLY___ │ 
2025-03-07 14:25:23,045 INFO     ___FILE_ONLY___ gcloud cli dependencies (Platform Specific)        
2025-03-07 14:25:23,045 INFO     ___FILE_ONLY___  
2025-03-07 14:25:23,045 INFO     ___FILE_ONLY___ │ 
2025-03-07 14:25:23,045 INFO     ___FILE_ONLY___ 2021.04.16
2025-03-07 14:25:23,045 INFO     ___FILE_ONLY___  
2025-03-07 14:25:23,045 INFO     ___FILE_ONLY___ │ 
2025-03-07 14:25:23,046 INFO     ___FILE_ONLY___  < 1 MiB
2025-03-07 14:25:23,046 INFO     ___FILE_ONLY___  
2025-03-07 14:25:23,046 INFO     ___FILE_ONLY___ │
2025-03-07 14:25:23,046 INFO     ___FILE_ONLY___ 

2025-03-07 14:25:23,046 INFO     ___FILE_ONLY___ └─────────────────────────────────────────────────────┴────────────┴──────────┘
2025-03-07 14:25:23,046 INFO     ___FILE_ONLY___ 

2025-03-07 14:25:23,046 INFO     ___FILE_ONLY___ 

2025-03-07 14:25:23,049 DEBUG    urllib3.connectionpool Starting new HTTPS connection (1): dl.google.com:443
2025-03-07 14:25:23,068 DEBUG    urllib3.connectionpool https://dl.google.com:443 "GET /dl/cloudsdk/channels/rapid/RELEASE_NOTES HTTP/11" 200 1374936
2025-03-07 14:25:23,528 INFO     ___FILE_ONLY___ For the latest full release notes, please visit:
  https://cloud.google.com/sdk/release_notes


2025-03-07 14:25:23,529 INFO     ___FILE_ONLY___ Performing in place update...


2025-03-07 14:25:23,531 INFO     ___FILE_ONLY___ ╔════════════════════════════════════════════════════════════╗

2025-03-07 14:25:23,531 INFO     ___FILE_ONLY___ ╠═ Downloading: BigQuery Command Line Tool                  ═╣

2025-03-07 14:25:23,531 INFO     ___FILE_ONLY___ ╚
2025-03-07 14:25:23,534 DEBUG    urllib3.connectionpool Starting new HTTPS connection (1): dl.google.com:443
2025-03-07 14:25:23,549 DEBUG    urllib3.connectionpool https://dl.google.com:443 "GET /dl/cloudsdk/channels/rapid/components/google-cloud-sdk-bq-20250228155416.tar.gz HTTP/11" 200 1845321
2025-03-07 14:25:23,561 INFO     ___FILE_ONLY___ ═
2025-03-07 14:25:23,561 INFO     ___FILE_ONLY___ ═
2025-03-07 14:25:23,561 INFO     ___FILE_ONLY___ ═
2025-03-07 14:25:23,561 INFO     ___FILE_ONLY___ ═
2025-03-07 14:25:23,561 INFO     ___FILE_ONLY___ ═
2025-03-07 14:25:23,561 INFO     ___FILE_ONLY___ ═
2025-03-07 14:25:23,561 INFO     ___FILE_ONLY___ ═
2025-03-07 14:25:23,562 INFO     ___FILE_ONLY___ ═
2025-03-07 14:25:23,562 INFO     ___FILE_ONLY___ ═
2025-03-07 14:25:23,562 INFO     ___FILE_ONLY___ ═
2025-03-07 14:25:23,562 INFO     ___FILE_ONLY___ ═
2025-03-07 14:25:23,562 INFO     ___FILE_ONLY___ ═
2025-03-07 14:25:23,562 INFO     ___FILE_ONLY___ ═
2025-03-07 14:25:23,562 INFO     ___FILE_ONLY___ ═
2025-03-07 14:25:23,562 INFO     ___FILE_ONLY___ ═
2025-03-07 14:25:23,563 INFO     ___FILE_ONLY___ ═
2025-03-07 14:25:23,563 INFO     ___FILE_ONLY___ ═
2025-03-07 14:25:23,563 INFO     ___FILE_ONLY___ ═
2025-03-07 14:25:23,563 INFO     ___FILE_ONLY___ ═
2025-03-07 14:25:23,563 INFO     ___FILE_ONLY___ ═
2025-03-07 14:25:23,563 INFO     ___FILE_ONLY___ ═
2025-03-07 14:25:23,563 INFO     ___FILE_ONLY___ ═
2025-03-07 14:25:23,563 INFO     ___FILE_ONLY___ ═
2025-03-07 14:25:23,563 INFO     ___FILE_ONLY___ ═
2025-03-07 14:25:23,563 INFO     ___FILE_ONLY___ ═
2025-03-07 14:25:23,563 INFO     ___FILE_ONLY___ ═
2025-03-07 14:25:23,563 INFO     ___FILE_ONLY___ ═
2025-03-07 14:25:23,564 INFO     ___FILE_ONLY___ ═
2025-03-07 14:25:23,564 INFO     ___FILE_ONLY___ ═
2025-03-07 14:25:23,564 INFO     ___FILE_ONLY___ ═
2025-03-07 14:25:23,564 INFO     ___FILE_ONLY___ ═
2025-03-07 14:25:23,564 INFO     ___FILE_ONLY___ ═
2025-03-07 14:25:23,564 INFO     ___FILE_ONLY___ ═
2025-03-07 14:25:23,564 INFO     ___FILE_ONLY___ ═
2025-03-07 14:25:23,564 INFO     ___FILE_ONLY___ ═
2025-03-07 14:25:23,564 INFO     ___FILE_ONLY___ ═
2025-03-07 14:25:23,564 INFO     ___FILE_ONLY___ ═
2025-03-07 14:25:23,564 INFO     ___FILE_ONLY___ ═
2025-03-07 14:25:23,564 INFO     ___FILE_ONLY___ ═
2025-03-07 14:25:23,565 INFO     ___FILE_ONLY___ ═
2025-03-07 14:25:23,565 INFO     ___FILE_ONLY___ ═
2025-03-07 14:25:23,565 INFO     ___FILE_ONLY___ ═
2025-03-07 14:25:23,565 INFO     ___FILE_ONLY___ ═
2025-03-07 14:25:23,565 INFO     ___FILE_ONLY___ ═
2025-03-07 14:25:23,565 INFO     ___FILE_ONLY___ ═
2025-03-07 14:25:23,565 INFO     ___FILE_ONLY___ ═
2025-03-07 14:25:23,565 INFO     ___FILE_ONLY___ ═
2025-03-07 14:25:23,565 INFO     ___FILE_ONLY___ ═
2025-03-07 14:25:23,565 INFO     ___FILE_ONLY___ ═
2025-03-07 14:25:23,565 INFO     ___FILE_ONLY___ ═
2025-03-07 14:25:23,566 INFO     ___FILE_ONLY___ ═
2025-03-07 14:25:23,566 INFO     ___FILE_ONLY___ ═
2025-03-07 14:25:23,566 INFO     ___FILE_ONLY___ ═
2025-03-07 14:25:23,566 INFO     ___FILE_ONLY___ ═
2025-03-07 14:25:23,566 INFO     ___FILE_ONLY___ ═
2025-03-07 14:25:23,566 INFO     ___FILE_ONLY___ ═
2025-03-07 14:25:23,566 INFO     ___FILE_ONLY___ ═
2025-03-07 14:25:23,566 INFO     ___FILE_ONLY___ ═
2025-03-07 14:25:23,566 INFO     ___FILE_ONLY___ ═
2025-03-07 14:25:23,566 INFO     ___FILE_ONLY___ ═
2025-03-07 14:25:23,566 INFO     ___FILE_ONLY___ ╝

2025-03-07 14:25:23,568 INFO     ___FILE_ONLY___ ╔════════════════════════════════════════════════════════════╗

2025-03-07 14:25:23,568 INFO     ___FILE_ONLY___ ╠═ Downloading: BigQuery Command Line Tool (Platform Spe... ═╣

2025-03-07 14:25:23,568 INFO     ___FILE_ONLY___ ╚
2025-03-07 14:25:23,572 DEBUG    urllib3.connectionpool Starting new HTTPS connection (1): dl.google.com:443
2025-03-07 14:25:23,613 DEBUG    urllib3.connectionpool https://dl.google.com:443 "GET /dl/cloudsdk/channels/rapid/components/google-cloud-sdk-bq-nix-20240830134514.tar.gz HTTP/11" 200 1914
2025-03-07 14:25:23,613 INFO     ___FILE_ONLY___ ════════════════════════════════════════════════════════════
2025-03-07 14:25:23,614 INFO     ___FILE_ONLY___ ╝

2025-03-07 14:25:23,615 INFO     ___FILE_ONLY___ ╔════════════════════════════════════════════════════════════╗

2025-03-07 14:25:23,615 INFO     ___FILE_ONLY___ ╠═ Downloading: Bundled Python 3.12                         ═╣

2025-03-07 14:25:23,615 INFO     ___FILE_ONLY___ ╚
2025-03-07 14:25:23,616 INFO     ___FILE_ONLY___ ════════════════════════════════════════════════════════════
2025-03-07 14:25:23,616 INFO     ___FILE_ONLY___ ╝

2025-03-07 14:25:23,617 INFO     ___FILE_ONLY___ ╔════════════════════════════════════════════════════════════╗

2025-03-07 14:25:23,617 INFO     ___FILE_ONLY___ ╠═ Downloading: Bundled Python 3.12 (Platform Specific)     ═╣

2025-03-07 14:25:23,617 INFO     ___FILE_ONLY___ ╚
2025-03-07 14:25:23,620 DEBUG    urllib3.connectionpool Starting new HTTPS connection (1): dl.google.com:443
2025-03-07 14:25:23,633 DEBUG    urllib3.connectionpool https://dl.google.com:443 "GET /dl/cloudsdk/channels/rapid/components/google-cloud-sdk-bundled-python3-unix-linux-x86_64-20250131143518.tar.gz HTTP/11" 200 93520256
2025-03-07 14:25:23,962 INFO     ___FILE_ONLY___ ═
2025-03-07 14:25:23,964 INFO     ___FILE_ONLY___ ═
2025-03-07 14:25:23,966 INFO     ___FILE_ONLY___ ═
2025-03-07 14:25:23,967 INFO     ___FILE_ONLY___ ═
2025-03-07 14:25:23,969 INFO     ___FILE_ONLY___ ═
2025-03-07 14:25:23,971 INFO     ___FILE_ONLY___ ═
2025-03-07 14:25:23,973 INFO     ___FILE_ONLY___ ═
2025-03-07 14:25:23,974 INFO     ___FILE_ONLY___ ═
2025-03-07 14:25:23,976 INFO     ___FILE_ONLY___ ═
2025-03-07 14:25:23,978 INFO     ___FILE_ONLY___ ═
2025-03-07 14:25:23,979 INFO     ___FILE_ONLY___ ═
2025-03-07 14:25:23,981 INFO     ___FILE_ONLY___ ═
2025-03-07 14:25:23,983 INFO     ___FILE_ONLY___ ═
2025-03-07 14:25:23,985 INFO     ___FILE_ONLY___ ═
2025-03-07 14:25:23,986 INFO     ___FILE_ONLY___ ═
2025-03-07 14:25:23,988 INFO     ___FILE_ONLY___ ═
2025-03-07 14:25:23,990 INFO     ___FILE_ONLY___ ═
2025-03-07 14:25:23,991 INFO     ___FILE_ONLY___ ═
2025-03-07 14:25:23,993 INFO     ___FILE_ONLY___ ═
2025-03-07 14:25:23,995 INFO     ___FILE_ONLY___ ═
2025-03-07 14:25:23,997 INFO     ___FILE_ONLY___ ═
2025-03-07 14:25:23,998 INFO     ___FILE_ONLY___ ═
2025-03-07 14:25:24,000 INFO     ___FILE_ONLY___ ═
2025-03-07 14:25:24,002 INFO     ___FILE_ONLY___ ═
2025-03-07 14:25:24,003 INFO     ___FILE_ONLY___ ═
2025-03-07 14:25:24,005 INFO     ___FILE_ONLY___ ═
2025-03-07 14:25:24,007 INFO     ___FILE_ONLY___ ═
2025-03-07 14:25:24,009 INFO     ___FILE_ONLY___ ═
2025-03-07 14:25:24,010 INFO     ___FILE_ONLY___ ═
2025-03-07 14:25:24,012 INFO     ___FILE_ONLY___ ═
2025-03-07 14:25:24,014 INFO     ___FILE_ONLY___ ═
2025-03-07 14:25:24,015 INFO     ___FILE_ONLY___ ═
2025-03-07 14:25:24,017 INFO     ___FILE_ONLY___ ═
2025-03-07 14:25:24,019 INFO     ___FILE_ONLY___ ═
2025-03-07 14:25:24,020 INFO     ___FILE_ONLY___ ═
2025-03-07 14:25:24,022 INFO     ___FILE_ONLY___ ═
2025-03-07 14:25:24,024 INFO     ___FILE_ONLY___ ═
2025-03-07 14:25:24,025 INFO     ___FILE_ONLY___ ═
2025-03-07 14:25:24,027 INFO     ___FILE_ONLY___ ═
2025-03-07 14:25:24,029 INFO     ___FILE_ONLY___ ═
2025-03-07 14:25:24,031 INFO     ___FILE_ONLY___ ═
2025-03-07 14:25:24,032 INFO     ___FILE_ONLY___ ═
2025-03-07 14:25:24,034 INFO     ___FILE_ONLY___ ═
2025-03-07 14:25:24,036 INFO     ___FILE_ONLY___ ═
2025-03-07 14:25:24,037 INFO     ___FILE_ONLY___ ═
2025-03-07 14:25:24,039 INFO     ___FILE_ONLY___ ═
2025-03-07 14:25:24,041 INFO     ___FILE_ONLY___ ═
2025-03-07 14:25:24,042 INFO     ___FILE_ONLY___ ═
2025-03-07 14:25:24,044 INFO     ___FILE_ONLY___ ═
2025-03-07 14:25:24,046 INFO     ___FILE_ONLY___ ═
2025-03-07 14:25:24,047 INFO     ___FILE_ONLY___ ═
2025-03-07 14:25:24,049 INFO     ___FILE_ONLY___ ═
2025-03-07 14:25:24,051 INFO     ___FILE_ONLY___ ═
2025-03-07 14:25:24,053 INFO     ___FILE_ONLY___ ═
2025-03-07 14:25:24,054 INFO     ___FILE_ONLY___ ═
2025-03-07 14:25:24,056 INFO     ___FILE_ONLY___ ═
2025-03-07 14:25:24,058 INFO     ___FILE_ONLY___ ═
2025-03-07 14:25:24,059 INFO     ___FILE_ONLY___ ═
2025-03-07 14:25:24,061 INFO     ___FILE_ONLY___ ═
2025-03-07 14:25:24,063 INFO     ___FILE_ONLY___ ═
2025-03-07 14:25:24,063 INFO     ___FILE_ONLY___ ╝

2025-03-07 14:25:24,065 INFO     ___FILE_ONLY___ ╔════════════════════════════════════════════════════════════╗

2025-03-07 14:25:24,065 INFO     ___FILE_ONLY___ ╠═ Downloading: Cloud Storage Command Line Tool             ═╣

2025-03-07 14:25:24,065 INFO     ___FILE_ONLY___ ╚
2025-03-07 14:25:24,069 DEBUG    urllib3.connectionpool Starting new HTTPS connection (1): dl.google.com:443
2025-03-07 14:25:24,081 DEBUG    urllib3.connectionpool https://dl.google.com:443 "GET /dl/cloudsdk/channels/rapid/components/google-cloud-sdk-gsutil-20241213184646.tar.gz HTTP/11" 200 12368759
2025-03-07 14:25:24,125 INFO     ___FILE_ONLY___ ═
2025-03-07 14:25:24,126 INFO     ___FILE_ONLY___ ═
2025-03-07 14:25:24,126 INFO     ___FILE_ONLY___ ═
2025-03-07 14:25:24,126 INFO     ___FILE_ONLY___ ═
2025-03-07 14:25:24,127 INFO     ___FILE_ONLY___ ═
2025-03-07 14:25:24,127 INFO     ___FILE_ONLY___ ═
2025-03-07 14:25:24,127 INFO     ___FILE_ONLY___ ═
2025-03-07 14:25:24,127 INFO     ___FILE_ONLY___ ═
2025-03-07 14:25:24,128 INFO     ___FILE_ONLY___ ═
2025-03-07 14:25:24,128 INFO     ___FILE_ONLY___ ═
2025-03-07 14:25:24,128 INFO     ___FILE_ONLY___ ═
2025-03-07 14:25:24,128 INFO     ___FILE_ONLY___ ═
2025-03-07 14:25:24,129 INFO     ___FILE_ONLY___ ═
2025-03-07 14:25:24,129 INFO     ___FILE_ONLY___ ═
2025-03-07 14:25:24,129 INFO     ___FILE_ONLY___ ═
2025-03-07 14:25:24,129 INFO     ___FILE_ONLY___ ═
2025-03-07 14:25:24,130 INFO     ___FILE_ONLY___ ═
2025-03-07 14:25:24,130 INFO     ___FILE_ONLY___ ═
2025-03-07 14:25:24,130 INFO     ___FILE_ONLY___ ═
2025-03-07 14:25:24,130 INFO     ___FILE_ONLY___ ═
2025-03-07 14:25:24,131 INFO     ___FILE_ONLY___ ═
2025-03-07 14:25:24,131 INFO     ___FILE_ONLY___ ═
2025-03-07 14:25:24,131 INFO     ___FILE_ONLY___ ═
2025-03-07 14:25:24,131 INFO     ___FILE_ONLY___ ═
2025-03-07 14:25:24,132 INFO     ___FILE_ONLY___ ═
2025-03-07 14:25:24,132 INFO     ___FILE_ONLY___ ═
2025-03-07 14:25:24,132 INFO     ___FILE_ONLY___ ═
2025-03-07 14:25:24,133 INFO     ___FILE_ONLY___ ═
2025-03-07 14:25:24,133 INFO     ___FILE_ONLY___ ═
2025-03-07 14:25:24,133 INFO     ___FILE_ONLY___ ═
2025-03-07 14:25:24,133 INFO     ___FILE_ONLY___ ═
2025-03-07 14:25:24,134 INFO     ___FILE_ONLY___ ═
2025-03-07 14:25:24,134 INFO     ___FILE_ONLY___ ═
2025-03-07 14:25:24,134 INFO     ___FILE_ONLY___ ═
2025-03-07 14:25:24,134 INFO     ___FILE_ONLY___ ═
2025-03-07 14:25:24,135 INFO     ___FILE_ONLY___ ═
2025-03-07 14:25:24,135 INFO     ___FILE_ONLY___ ═
2025-03-07 14:25:24,135 INFO     ___FILE_ONLY___ ═
2025-03-07 14:25:24,135 INFO     ___FILE_ONLY___ ═
2025-03-07 14:25:24,136 INFO     ___FILE_ONLY___ ═
2025-03-07 14:25:24,136 INFO     ___FILE_ONLY___ ═
2025-03-07 14:25:24,136 INFO     ___FILE_ONLY___ ═
2025-03-07 14:25:24,137 INFO     ___FILE_ONLY___ ═
2025-03-07 14:25:24,137 INFO     ___FILE_ONLY___ ═
2025-03-07 14:25:24,137 INFO     ___FILE_ONLY___ ═
2025-03-07 14:25:24,137 INFO     ___FILE_ONLY___ ═
2025-03-07 14:25:24,138 INFO     ___FILE_ONLY___ ═
2025-03-07 14:25:24,138 INFO     ___FILE_ONLY___ ═
2025-03-07 14:25:24,138 INFO     ___FILE_ONLY___ ═
2025-03-07 14:25:24,138 INFO     ___FILE_ONLY___ ═
2025-03-07 14:25:24,139 INFO     ___FILE_ONLY___ ═
2025-03-07 14:25:24,139 INFO     ___FILE_ONLY___ ═
2025-03-07 14:25:24,139 INFO     ___FILE_ONLY___ ═
2025-03-07 14:25:24,140 INFO     ___FILE_ONLY___ ═
2025-03-07 14:25:24,140 INFO     ___FILE_ONLY___ ═
2025-03-07 14:25:24,140 INFO     ___FILE_ONLY___ ═
2025-03-07 14:25:24,140 INFO     ___FILE_ONLY___ ═
2025-03-07 14:25:24,141 INFO     ___FILE_ONLY___ ═
2025-03-07 14:25:24,141 INFO     ___FILE_ONLY___ ═
2025-03-07 14:25:24,141 INFO     ___FILE_ONLY___ ═
2025-03-07 14:25:24,141 INFO     ___FILE_ONLY___ ╝

2025-03-07 14:25:24,143 INFO     ___FILE_ONLY___ ╔════════════════════════════════════════════════════════════╗

2025-03-07 14:25:24,143 INFO     ___FILE_ONLY___ ╠═ Downloading: Cloud Storage Command Line Tool (Platfor... ═╣

2025-03-07 14:25:24,144 INFO     ___FILE_ONLY___ ╚
2025-03-07 14:25:24,147 DEBUG    urllib3.connectionpool Starting new HTTPS connection (1): dl.google.com:443
2025-03-07 14:25:24,187 DEBUG    urllib3.connectionpool https://dl.google.com:443 "GET /dl/cloudsdk/channels/rapid/components/google-cloud-sdk-gsutil-nix-20240830134514.tar.gz HTTP/11" 200 1928
2025-03-07 14:25:24,187 INFO     ___FILE_ONLY___ ════════════════════════════════════════════════════════════
2025-03-07 14:25:24,187 INFO     ___FILE_ONLY___ ╝

2025-03-07 14:25:24,189 INFO     ___FILE_ONLY___ ╔════════════════════════════════════════════════════════════╗

2025-03-07 14:25:24,189 INFO     ___FILE_ONLY___ ╠═ Downloading: Default set of gcloud commands              ═╣

2025-03-07 14:25:24,189 INFO     ___FILE_ONLY___ ╚
2025-03-07 14:25:24,189 INFO     ___FILE_ONLY___ ════════════════════════════════════════════════════════════
2025-03-07 14:25:24,189 INFO     ___FILE_ONLY___ ╝

2025-03-07 14:25:24,191 INFO     ___FILE_ONLY___ ╔════════════════════════════════════════════════════════════╗

2025-03-07 14:25:24,191 INFO     ___FILE_ONLY___ ╠═ Downloading: Google Cloud CLI Core Libraries (Platfor... ═╣

2025-03-07 14:25:24,191 INFO     ___FILE_ONLY___ ╚
2025-03-07 14:25:24,194 DEBUG    urllib3.connectionpool Starting new HTTPS connection (1): dl.google.com:443
2025-03-07 14:25:24,206 DEBUG    urllib3.connectionpool https://dl.google.com:443 "GET /dl/cloudsdk/channels/rapid/components/google-cloud-sdk-core-nix-20240830134514.tar.gz HTTP/11" 200 2306
2025-03-07 14:25:24,207 INFO     ___FILE_ONLY___ ════════════════════════════════════════════════════════════
2025-03-07 14:25:24,207 INFO     ___FILE_ONLY___ ╝

2025-03-07 14:25:24,208 INFO     ___FILE_ONLY___ ╔════════════════════════════════════════════════════════════╗

2025-03-07 14:25:24,209 INFO     ___FILE_ONLY___ ╠═ Downloading: Google Cloud CRC32C Hash Tool               ═╣

2025-03-07 14:25:24,209 INFO     ___FILE_ONLY___ ╚
2025-03-07 14:25:24,209 INFO     ___FILE_ONLY___ ════════════════════════════════════════════════════════════
2025-03-07 14:25:24,209 INFO     ___FILE_ONLY___ ╝

2025-03-07 14:25:24,210 INFO     ___FILE_ONLY___ ╔════════════════════════════════════════════════════════════╗

2025-03-07 14:25:24,210 INFO     ___FILE_ONLY___ ╠═ Downloading: Google Cloud CRC32C Hash Tool (Platform ... ═╣

2025-03-07 14:25:24,210 INFO     ___FILE_ONLY___ ╚
2025-03-07 14:25:24,213 DEBUG    urllib3.connectionpool Starting new HTTPS connection (1): dl.google.com:443
2025-03-07 14:25:24,224 DEBUG    urllib3.connectionpool https://dl.google.com:443 "GET /dl/cloudsdk/channels/rapid/components/google-cloud-sdk-gcloud-crc32c-linux-x86_64-20250110133808.tar.gz HTTP/11" 200 1478989
2025-03-07 14:25:24,234 INFO     ___FILE_ONLY___ ═
2025-03-07 14:25:24,234 INFO     ___FILE_ONLY___ ═
2025-03-07 14:25:24,234 INFO     ___FILE_ONLY___ ═
2025-03-07 14:25:24,234 INFO     ___FILE_ONLY___ ═
2025-03-07 14:25:24,234 INFO     ___FILE_ONLY___ ═
2025-03-07 14:25:24,234 INFO     ___FILE_ONLY___ ═
2025-03-07 14:25:24,234 INFO     ___FILE_ONLY___ ═
2025-03-07 14:25:24,234 INFO     ___FILE_ONLY___ ═
2025-03-07 14:25:24,234 INFO     ___FILE_ONLY___ ═
2025-03-07 14:25:24,234 INFO     ___FILE_ONLY___ ═
2025-03-07 14:25:24,235 INFO     ___FILE_ONLY___ ═
2025-03-07 14:25:24,235 INFO     ___FILE_ONLY___ ═
2025-03-07 14:25:24,235 INFO     ___FILE_ONLY___ ═
2025-03-07 14:25:24,235 INFO     ___FILE_ONLY___ ═
2025-03-07 14:25:24,235 INFO     ___FILE_ONLY___ ═
2025-03-07 14:25:24,235 INFO     ___FILE_ONLY___ ═
2025-03-07 14:25:24,235 INFO     ___FILE_ONLY___ ═
2025-03-07 14:25:24,235 INFO     ___FILE_ONLY___ ═
2025-03-07 14:25:24,235 INFO     ___FILE_ONLY___ ═
2025-03-07 14:25:24,235 INFO     ___FILE_ONLY___ ═
2025-03-07 14:25:24,235 INFO     ___FILE_ONLY___ ═
2025-03-07 14:25:24,235 INFO     ___FILE_ONLY___ ═
2025-03-07 14:25:24,235 INFO     ___FILE_ONLY___ ═
2025-03-07 14:25:24,236 INFO     ___FILE_ONLY___ ═
2025-03-07 14:25:24,236 INFO     ___FILE_ONLY___ ═
2025-03-07 14:25:24,236 INFO     ___FILE_ONLY___ ═
2025-03-07 14:25:24,236 INFO     ___FILE_ONLY___ ═
2025-03-07 14:25:24,236 INFO     ___FILE_ONLY___ ═
2025-03-07 14:25:24,236 INFO     ___FILE_ONLY___ ═
2025-03-07 14:25:24,236 INFO     ___FILE_ONLY___ ═
2025-03-07 14:25:24,236 INFO     ___FILE_ONLY___ ═
2025-03-07 14:25:24,236 INFO     ___FILE_ONLY___ ═
2025-03-07 14:25:24,236 INFO     ___FILE_ONLY___ ═
2025-03-07 14:25:24,236 INFO     ___FILE_ONLY___ ═
2025-03-07 14:25:24,236 INFO     ___FILE_ONLY___ ═
2025-03-07 14:25:24,236 INFO     ___FILE_ONLY___ ═
2025-03-07 14:25:24,237 INFO     ___FILE_ONLY___ ═
2025-03-07 14:25:24,237 INFO     ___FILE_ONLY___ ═
2025-03-07 14:25:24,237 INFO     ___FILE_ONLY___ ═
2025-03-07 14:25:24,237 INFO     ___FILE_ONLY___ ═
2025-03-07 14:25:24,237 INFO     ___FILE_ONLY___ ═
2025-03-07 14:25:24,237 INFO     ___FILE_ONLY___ ═
2025-03-07 14:25:24,237 INFO     ___FILE_ONLY___ ═
2025-03-07 14:25:24,237 INFO     ___FILE_ONLY___ ═
2025-03-07 14:25:24,237 INFO     ___FILE_ONLY___ ═
2025-03-07 14:25:24,237 INFO     ___FILE_ONLY___ ═
2025-03-07 14:25:24,237 INFO     ___FILE_ONLY___ ═
2025-03-07 14:25:24,237 INFO     ___FILE_ONLY___ ═
2025-03-07 14:25:24,237 INFO     ___FILE_ONLY___ ═
2025-03-07 14:25:24,238 INFO     ___FILE_ONLY___ ═
2025-03-07 14:25:24,238 INFO     ___FILE_ONLY___ ═
2025-03-07 14:25:24,238 INFO     ___FILE_ONLY___ ═
2025-03-07 14:25:24,238 INFO     ___FILE_ONLY___ ═
2025-03-07 14:25:24,238 INFO     ___FILE_ONLY___ ═
2025-03-07 14:25:24,238 INFO     ___FILE_ONLY___ ═
2025-03-07 14:25:24,238 INFO     ___FILE_ONLY___ ═
2025-03-07 14:25:24,238 INFO     ___FILE_ONLY___ ═
2025-03-07 14:25:24,238 INFO     ___FILE_ONLY___ ═
2025-03-07 14:25:24,238 INFO     ___FILE_ONLY___ ═
2025-03-07 14:25:24,238 INFO     ___FILE_ONLY___ ═
2025-03-07 14:25:24,238 INFO     ___FILE_ONLY___ ╝

2025-03-07 14:25:24,240 INFO     ___FILE_ONLY___ ╔════════════════════════════════════════════════════════════╗

2025-03-07 14:25:24,240 INFO     ___FILE_ONLY___ ╠═ Downloading: gcloud cli dependencies (Platform Specific) ═╣

2025-03-07 14:25:24,240 INFO     ___FILE_ONLY___ ╚
2025-03-07 14:25:24,243 DEBUG    urllib3.connectionpool Starting new HTTPS connection (1): dl.google.com:443
2025-03-07 14:25:24,288 DEBUG    urllib3.connectionpool https://dl.google.com:443 "GET /dl/cloudsdk/channels/rapid/components/google-cloud-sdk-gcloud-deps-linux-x86_64-20210416153011.tar.gz HTTP/11" 200 104
2025-03-07 14:25:24,290 INFO     ___FILE_ONLY___ ════════════════════════════════════════════════════════════
2025-03-07 14:25:24,290 INFO     ___FILE_ONLY___ ╝

2025-03-07 14:25:24,292 INFO     ___FILE_ONLY___ ╔════════════════════════════════════════════════════════════╗

2025-03-07 14:25:24,292 INFO     ___FILE_ONLY___ ╠═ Installing: BigQuery Command Line Tool                   ═╣

2025-03-07 14:25:24,292 INFO     ___FILE_ONLY___ ╚
2025-03-07 14:25:24,387 INFO     ___FILE_ONLY___ ═
2025-03-07 14:25:24,389 INFO     ___FILE_ONLY___ ═
2025-03-07 14:25:24,392 INFO     ___FILE_ONLY___ ═
2025-03-07 14:25:24,394 INFO     ___FILE_ONLY___ ═
2025-03-07 14:25:24,396 INFO     ___FILE_ONLY___ ═
2025-03-07 14:25:24,398 INFO     ___FILE_ONLY___ ═
2025-03-07 14:25:24,401 INFO     ___FILE_ONLY___ ═
2025-03-07 14:25:24,402 INFO     ___FILE_ONLY___ ═
2025-03-07 14:25:24,405 INFO     ___FILE_ONLY___ ═
2025-03-07 14:25:24,407 INFO     ___FILE_ONLY___ ═
2025-03-07 14:25:24,409 INFO     ___FILE_ONLY___ ═
2025-03-07 14:25:24,411 INFO     ___FILE_ONLY___ ═
2025-03-07 14:25:24,413 INFO     ___FILE_ONLY___ ═
2025-03-07 14:25:24,415 INFO     ___FILE_ONLY___ ═
2025-03-07 14:25:24,417 INFO     ___FILE_ONLY___ ═
2025-03-07 14:25:24,419 INFO     ___FILE_ONLY___ ═
2025-03-07 14:25:24,421 INFO     ___FILE_ONLY___ ═
2025-03-07 14:25:24,423 INFO     ___FILE_ONLY___ ═
2025-03-07 14:25:24,426 INFO     ___FILE_ONLY___ ═
2025-03-07 14:25:24,428 INFO     ___FILE_ONLY___ ═
2025-03-07 14:25:24,430 INFO     ___FILE_ONLY___ ═
2025-03-07 14:25:24,433 INFO     ___FILE_ONLY___ ═
2025-03-07 14:25:24,434 INFO     ___FILE_ONLY___ ═
2025-03-07 14:25:24,436 INFO     ___FILE_ONLY___ ═
2025-03-07 14:25:24,438 INFO     ___FILE_ONLY___ ═
2025-03-07 14:25:24,440 INFO     ___FILE_ONLY___ ═
2025-03-07 14:25:24,442 INFO     ___FILE_ONLY___ ═
2025-03-07 14:25:24,444 INFO     ___FILE_ONLY___ ═
2025-03-07 14:25:24,448 INFO     ___FILE_ONLY___ ═
2025-03-07 14:25:24,449 INFO     ___FILE_ONLY___ ═
2025-03-07 14:25:24,451 INFO     ___FILE_ONLY___ ═
2025-03-07 14:25:24,453 INFO     ___FILE_ONLY___ ═
2025-03-07 14:25:24,456 INFO     ___FILE_ONLY___ ═
2025-03-07 14:25:24,458 INFO     ___FILE_ONLY___ ═
2025-03-07 14:25:24,466 INFO     ___FILE_ONLY___ ═
2025-03-07 14:25:24,471 INFO     ___FILE_ONLY___ ═
2025-03-07 14:25:24,475 INFO     ___FILE_ONLY___ ═
2025-03-07 14:25:24,477 INFO     ___FILE_ONLY___ ═
2025-03-07 14:25:24,480 INFO     ___FILE_ONLY___ ═
2025-03-07 14:25:24,482 INFO     ___FILE_ONLY___ ═
2025-03-07 14:25:24,483 INFO     ___FILE_ONLY___ ═
2025-03-07 14:25:24,486 INFO     ___FILE_ONLY___ ═
2025-03-07 14:25:24,490 INFO     ___FILE_ONLY___ ═
2025-03-07 14:25:24,492 INFO     ___FILE_ONLY___ ═
2025-03-07 14:25:24,494 INFO     ___FILE_ONLY___ ═
2025-03-07 14:25:24,496 INFO     ___FILE_ONLY___ ═
2025-03-07 14:25:24,498 INFO     ___FILE_ONLY___ ═
2025-03-07 14:25:24,500 INFO     ___FILE_ONLY___ ═
2025-03-07 14:25:24,502 INFO     ___FILE_ONLY___ ═
2025-03-07 14:25:24,504 INFO     ___FILE_ONLY___ ═
2025-03-07 14:25:24,506 INFO     ___FILE_ONLY___ ═
2025-03-07 14:25:24,508 INFO     ___FILE_ONLY___ ═
2025-03-07 14:25:24,509 INFO     ___FILE_ONLY___ ═
2025-03-07 14:25:24,511 INFO     ___FILE_ONLY___ ═
2025-03-07 14:25:24,513 INFO     ___FILE_ONLY___ ═
2025-03-07 14:25:24,515 INFO     ___FILE_ONLY___ ═
2025-03-07 14:25:24,517 INFO     ___FILE_ONLY___ ═
2025-03-07 14:25:24,519 INFO     ___FILE_ONLY___ ═
2025-03-07 14:25:24,521 INFO     ___FILE_ONLY___ ═
2025-03-07 14:25:24,523 INFO     ___FILE_ONLY___ ═
2025-03-07 14:25:24,523 INFO     ___FILE_ONLY___ ╝

2025-03-07 14:25:24,530 INFO     ___FILE_ONLY___ ╔════════════════════════════════════════════════════════════╗

2025-03-07 14:25:24,531 INFO     ___FILE_ONLY___ ╠═ Installing: BigQuery Command Line Tool (Platform Spec... ═╣

2025-03-07 14:25:24,531 INFO     ___FILE_ONLY___ ╚
2025-03-07 14:25:24,531 INFO     ___FILE_ONLY___ ════════════════════════════════════════════════════════════
2025-03-07 14:25:24,531 INFO     ___FILE_ONLY___ ╝

2025-03-07 14:25:24,535 INFO     ___FILE_ONLY___ ╔════════════════════════════════════════════════════════════╗

2025-03-07 14:25:24,535 INFO     ___FILE_ONLY___ ╠═ Installing: Bundled Python 3.12                          ═╣

2025-03-07 14:25:24,535 INFO     ___FILE_ONLY___ ╚
2025-03-07 14:25:24,539 INFO     ___FILE_ONLY___ ════════════════════════════════════════════════════════════
2025-03-07 14:25:24,539 INFO     ___FILE_ONLY___ ╝

2025-03-07 14:25:24,541 INFO     ___FILE_ONLY___ ╔════════════════════════════════════════════════════════════╗

2025-03-07 14:25:24,541 INFO     ___FILE_ONLY___ ╠═ Installing: Bundled Python 3.12 (Platform Specific)      ═╣

2025-03-07 14:25:24,541 INFO     ___FILE_ONLY___ ╚
2025-03-07 14:25:27,610 INFO     ___FILE_ONLY___ ═
2025-03-07 14:25:28,089 INFO     ___FILE_ONLY___ ═
2025-03-07 14:25:28,109 INFO     ___FILE_ONLY___ ═
2025-03-07 14:25:28,142 INFO     ___FILE_ONLY___ ═
2025-03-07 14:25:28,163 INFO     ___FILE_ONLY___ ═
2025-03-07 14:25:28,177 INFO     ___FILE_ONLY___ ═
2025-03-07 14:25:28,205 INFO     ___FILE_ONLY___ ═
2025-03-07 14:25:28,224 INFO     ___FILE_ONLY___ ═
2025-03-07 14:25:28,241 INFO     ___FILE_ONLY___ ═
2025-03-07 14:25:28,260 INFO     ___FILE_ONLY___ ═
2025-03-07 14:25:28,277 INFO     ___FILE_ONLY___ ═
2025-03-07 14:25:28,303 INFO     ___FILE_ONLY___ ═
2025-03-07 14:25:28,441 INFO     ___FILE_ONLY___ ═
2025-03-07 14:25:28,457 INFO     ___FILE_ONLY___ ═
2025-03-07 14:25:28,472 INFO     ___FILE_ONLY___ ═
2025-03-07 14:25:28,487 INFO     ___FILE_ONLY___ ═
2025-03-07 14:25:28,502 INFO     ___FILE_ONLY___ ═
2025-03-07 14:25:28,519 INFO     ___FILE_ONLY___ ═
2025-03-07 14:25:28,535 INFO     ___FILE_ONLY___ ═
2025-03-07 14:25:28,555 INFO     ___FILE_ONLY___ ═
2025-03-07 14:25:28,570 INFO     ___FILE_ONLY___ ═
2025-03-07 14:25:28,662 INFO     ___FILE_ONLY___ ═
2025-03-07 14:25:28,683 INFO     ___FILE_ONLY___ ═
2025-03-07 14:25:29,168 INFO     ___FILE_ONLY___ ═
2025-03-07 14:25:29,184 INFO     ___FILE_ONLY___ ═
2025-03-07 14:25:29,198 INFO     ___FILE_ONLY___ ═
2025-03-07 14:25:29,210 INFO     ___FILE_ONLY___ ═
2025-03-07 14:25:29,221 INFO     ___FILE_ONLY___ ═
2025-03-07 14:25:29,234 INFO     ___FILE_ONLY___ ═
2025-03-07 14:25:29,245 INFO     ___FILE_ONLY___ ═
2025-03-07 14:25:29,256 INFO     ___FILE_ONLY___ ═
2025-03-07 14:25:29,267 INFO     ___FILE_ONLY___ ═
2025-03-07 14:25:29,278 INFO     ___FILE_ONLY___ ═
2025-03-07 14:25:29,289 INFO     ___FILE_ONLY___ ═
2025-03-07 14:25:29,300 INFO     ___FILE_ONLY___ ═
2025-03-07 14:25:29,312 INFO     ___FILE_ONLY___ ═
2025-03-07 14:25:29,323 INFO     ___FILE_ONLY___ ═
2025-03-07 14:25:29,334 INFO     ___FILE_ONLY___ ═
2025-03-07 14:25:29,346 INFO     ___FILE_ONLY___ ═
2025-03-07 14:25:29,358 INFO     ___FILE_ONLY___ ═
2025-03-07 14:25:29,369 INFO     ___FILE_ONLY___ ═
2025-03-07 14:25:29,380 INFO     ___FILE_ONLY___ ═
2025-03-07 14:25:29,392 INFO     ___FILE_ONLY___ ═
2025-03-07 14:25:29,403 INFO     ___FILE_ONLY___ ═
2025-03-07 14:25:29,415 INFO     ___FILE_ONLY___ ═
2025-03-07 14:25:29,426 INFO     ___FILE_ONLY___ ═
2025-03-07 14:25:29,437 INFO     ___FILE_ONLY___ ═
2025-03-07 14:25:29,449 INFO     ___FILE_ONLY___ ═
2025-03-07 14:25:29,461 INFO     ___FILE_ONLY___ ═
2025-03-07 14:25:29,472 INFO     ___FILE_ONLY___ ═
2025-03-07 14:25:29,483 INFO     ___FILE_ONLY___ ═
2025-03-07 14:25:29,494 INFO     ___FILE_ONLY___ ═
2025-03-07 14:25:29,506 INFO     ___FILE_ONLY___ ═
2025-03-07 14:25:29,517 INFO     ___FILE_ONLY___ ═
2025-03-07 14:25:29,529 INFO     ___FILE_ONLY___ ═
2025-03-07 14:25:29,540 INFO     ___FILE_ONLY___ ═
2025-03-07 14:25:29,551 INFO     ___FILE_ONLY___ ═
2025-03-07 14:25:29,563 INFO     ___FILE_ONLY___ ═
2025-03-07 14:25:29,574 INFO     ___FILE_ONLY___ ═
2025-03-07 14:25:29,585 INFO     ___FILE_ONLY___ ═
2025-03-07 14:25:29,586 INFO     ___FILE_ONLY___ ╝

2025-03-07 14:25:29,637 INFO     ___FILE_ONLY___ ╔════════════════════════════════════════════════════════════╗

2025-03-07 14:25:29,637 INFO     ___FILE_ONLY___ ╠═ Installing: Cloud Storage Command Line Tool              ═╣

2025-03-07 14:25:29,637 INFO     ___FILE_ONLY___ ╚
2025-03-07 14:25:30,162 INFO     ___FILE_ONLY___ ═
2025-03-07 14:25:30,178 INFO     ___FILE_ONLY___ ═
2025-03-07 14:25:30,197 INFO     ___FILE_ONLY___ ═
2025-03-07 14:25:30,212 INFO     ___FILE_ONLY___ ═
2025-03-07 14:25:30,227 INFO     ___FILE_ONLY___ ═
2025-03-07 14:25:30,238 INFO     ___FILE_ONLY___ ═
2025-03-07 14:25:30,251 INFO     ___FILE_ONLY___ ═
2025-03-07 14:25:30,262 INFO     ___FILE_ONLY___ ═
2025-03-07 14:25:30,275 INFO     ___FILE_ONLY___ ═
2025-03-07 14:25:30,287 INFO     ___FILE_ONLY___ ═
2025-03-07 14:25:30,299 INFO     ___FILE_ONLY___ ═
2025-03-07 14:25:30,310 INFO     ___FILE_ONLY___ ═
2025-03-07 14:25:30,318 INFO     ___FILE_ONLY___ ═
2025-03-07 14:25:30,327 INFO     ___FILE_ONLY___ ═
2025-03-07 14:25:30,336 INFO     ___FILE_ONLY___ ═
2025-03-07 14:25:30,345 INFO     ___FILE_ONLY___ ═
2025-03-07 14:25:30,355 INFO     ___FILE_ONLY___ ═
2025-03-07 14:25:30,365 INFO     ___FILE_ONLY___ ═
2025-03-07 14:25:30,375 INFO     ___FILE_ONLY___ ═
2025-03-07 14:25:30,385 INFO     ___FILE_ONLY___ ═
2025-03-07 14:25:30,396 INFO     ___FILE_ONLY___ ═
2025-03-07 14:25:30,410 INFO     ___FILE_ONLY___ ═
2025-03-07 14:25:30,423 INFO     ___FILE_ONLY___ ═
2025-03-07 14:25:30,433 INFO     ___FILE_ONLY___ ═
2025-03-07 14:25:30,444 INFO     ___FILE_ONLY___ ═
2025-03-07 14:25:30,458 INFO     ___FILE_ONLY___ ═
2025-03-07 14:25:30,474 INFO     ___FILE_ONLY___ ═
2025-03-07 14:25:30,494 INFO     ___FILE_ONLY___ ═
2025-03-07 14:25:30,511 INFO     ___FILE_ONLY___ ═
2025-03-07 14:25:30,533 INFO     ___FILE_ONLY___ ═
2025-03-07 14:25:30,544 INFO     ___FILE_ONLY___ ═
2025-03-07 14:25:30,556 INFO     ___FILE_ONLY___ ═
2025-03-07 14:25:30,575 INFO     ___FILE_ONLY___ ═
2025-03-07 14:25:30,589 INFO     ___FILE_ONLY___ ═
2025-03-07 14:25:30,598 INFO     ___FILE_ONLY___ ═
2025-03-07 14:25:30,608 INFO     ___FILE_ONLY___ ═
2025-03-07 14:25:30,618 INFO     ___FILE_ONLY___ ═
2025-03-07 14:25:30,627 INFO     ___FILE_ONLY___ ═
2025-03-07 14:25:30,637 INFO     ___FILE_ONLY___ ═
2025-03-07 14:25:30,648 INFO     ___FILE_ONLY___ ═
2025-03-07 14:25:30,657 INFO     ___FILE_ONLY___ ═
2025-03-07 14:25:30,669 INFO     ___FILE_ONLY___ ═
2025-03-07 14:25:30,679 INFO     ___FILE_ONLY___ ═
2025-03-07 14:25:30,691 INFO     ___FILE_ONLY___ ═
2025-03-07 14:25:30,706 INFO     ___FILE_ONLY___ ═
2025-03-07 14:25:30,717 INFO     ___FILE_ONLY___ ═
2025-03-07 14:25:30,725 INFO     ___FILE_ONLY___ ═
2025-03-07 14:25:30,735 INFO     ___FILE_ONLY___ ═
2025-03-07 14:25:30,745 INFO     ___FILE_ONLY___ ═
2025-03-07 14:25:30,757 INFO     ___FILE_ONLY___ ═
2025-03-07 14:25:30,773 INFO     ___FILE_ONLY___ ═
2025-03-07 14:25:30,784 INFO     ___FILE_ONLY___ ═
2025-03-07 14:25:30,799 INFO     ___FILE_ONLY___ ═
2025-03-07 14:25:30,811 INFO     ___FILE_ONLY___ ═
2025-03-07 14:25:30,845 INFO     ___FILE_ONLY___ ═
2025-03-07 14:25:30,854 INFO     ___FILE_ONLY___ ═
2025-03-07 14:25:30,867 INFO     ___FILE_ONLY___ ═
2025-03-07 14:25:30,880 INFO     ___FILE_ONLY___ ═
2025-03-07 14:25:30,891 INFO     ___FILE_ONLY___ ═
2025-03-07 14:25:30,905 INFO     ___FILE_ONLY___ ═
2025-03-07 14:25:30,905 INFO     ___FILE_ONLY___ ╝

2025-03-07 14:25:30,935 INFO     ___FILE_ONLY___ ╔════════════════════════════════════════════════════════════╗

2025-03-07 14:25:30,935 INFO     ___FILE_ONLY___ ╠═ Installing: Cloud Storage Command Line Tool (Platform... ═╣

2025-03-07 14:25:30,935 INFO     ___FILE_ONLY___ ╚
2025-03-07 14:25:30,936 INFO     ___FILE_ONLY___ ════════════════════════════════════════════════════════════
2025-03-07 14:25:30,936 INFO     ___FILE_ONLY___ ╝

2025-03-07 14:25:30,940 INFO     ___FILE_ONLY___ ╔════════════════════════════════════════════════════════════╗

2025-03-07 14:25:30,940 INFO     ___FILE_ONLY___ ╠═ Installing: Default set of gcloud commands               ═╣

2025-03-07 14:25:30,940 INFO     ___FILE_ONLY___ ╚
2025-03-07 14:25:30,942 INFO     ___FILE_ONLY___ ════════════════════════════════════════════════════════════
2025-03-07 14:25:30,943 INFO     ___FILE_ONLY___ ╝

2025-03-07 14:25:30,944 INFO     ___FILE_ONLY___ ╔════════════════════════════════════════════════════════════╗

2025-03-07 14:25:30,944 INFO     ___FILE_ONLY___ ╠═ Installing: Google Cloud CLI Core Libraries (Platform... ═╣

2025-03-07 14:25:30,944 INFO     ___FILE_ONLY___ ╚
2025-03-07 14:25:30,945 INFO     ___FILE_ONLY___ ══════════════════════════════
2025-03-07 14:25:30,945 INFO     ___FILE_ONLY___ ══════════════════════════════
2025-03-07 14:25:30,946 INFO     ___FILE_ONLY___ ╝

2025-03-07 14:25:30,949 INFO     ___FILE_ONLY___ ╔════════════════════════════════════════════════════════════╗

2025-03-07 14:25:30,949 INFO     ___FILE_ONLY___ ╠═ Installing: Google Cloud CRC32C Hash Tool                ═╣

2025-03-07 14:25:30,949 INFO     ___FILE_ONLY___ ╚
2025-03-07 14:25:30,952 INFO     ___FILE_ONLY___ ════════════════════════════════════════════════════════════
2025-03-07 14:25:30,952 INFO     ___FILE_ONLY___ ╝

2025-03-07 14:25:30,953 INFO     ___FILE_ONLY___ ╔════════════════════════════════════════════════════════════╗

2025-03-07 14:25:30,953 INFO     ___FILE_ONLY___ ╠═ Installing: Google Cloud CRC32C Hash Tool (Platform S... ═╣

2025-03-07 14:25:30,953 INFO     ___FILE_ONLY___ ╚
2025-03-07 14:25:30,991 INFO     ___FILE_ONLY___ ══════════════════════════════
2025-03-07 14:25:30,991 INFO     ___FILE_ONLY___ ══════════════════════════════
2025-03-07 14:25:30,991 INFO     ___FILE_ONLY___ ╝

2025-03-07 14:25:30,996 INFO     ___FILE_ONLY___ ╔════════════════════════════════════════════════════════════╗

2025-03-07 14:25:30,996 INFO     ___FILE_ONLY___ ╠═ Installing: gcloud cli dependencies (Platform Specific)  ═╣

2025-03-07 14:25:30,996 INFO     ___FILE_ONLY___ ╚
2025-03-07 14:25:30,996 INFO     ___FILE_ONLY___ ════════════════════════════════════════════════════════════
2025-03-07 14:25:30,996 INFO     ___FILE_ONLY___ ╝

2025-03-07 14:25:31,001 DEBUG    root            Updating notification cache...
2025-03-07 14:25:31,001 INFO     ___FILE_ONLY___ 

2025-03-07 14:25:31,003 INFO     ___FILE_ONLY___ Performing post processing steps...
2025-03-07 14:25:31,003 DEBUG    root            Executing command: ['/tools/google-cloud-sdk/bin/gcloud', 'components', 'post-process']
2025-03-07 14:25:39,233 DEBUG    ___FILE_ONLY___ 
2025-03-07 14:25:39,233 DEBUG    ___FILE_ONLY___ 
2025-03-07 14:25:39,268 INFO     root            descriptor_list: [{'universeDomain': 'googleapis.com', 'universeShortName': '', 'authenticationDomain': 'auth.cloud.google.com', 'projectPrefix': '', 'cloudWebDomain': 'cloud.google.com', 'documentationDomain': 'cloud.google.com', 'version': '1.0.0', 'state': 'primary', 'artifactRegistryDomain': 'pkg.dev'}]
2025-03-07 14:25:39,269 INFO     ___FILE_ONLY___ 
Update done!


2025-03-07 14:25:39,271 DEBUG    root            Chosen display Format:none
2025-03-07 14:25:39,272 INFO     root            Display format: "none"
